{"level":"info","message":"Starting message rewrite - Type: I want to be too the point","timestamp":"2025-06-13 10:02:11"}
{"level":"error","message":"Failed to rewrite message - Type: I want to be too the point: Unsupported rewrite type: I want to be too the point. Supported types: professional, casual, concise, detailed, polite, direct, apologetic, confident, empathetic, urgent","stack":"Error: Unsupported rewrite type: I want to be too the point. Supported types: professional, casual, concise, detailed, polite, direct, apologetic, confident, empathetic, urgent\n    at MessageRewriteService.rewriteMessage (C:\\Users\\vikas\\Desktop\\PM-status-update\\services\\messageRewriteService.js:82:15)\n    at C:\\Users\\vikas\\Desktop\\PM-status-update\\server.js:465:58\n    at Layer.handle [as handle_request] (C:\\Users\\vikas\\Desktop\\PM-status-update\\node_modules\\express\\lib\\router\\layer.js:95:5)\n    at next (C:\\Users\\vikas\\Desktop\\PM-status-update\\node_modules\\express\\lib\\router\\route.js:149:13)\n    at Route.dispatch (C:\\Users\\vikas\\Desktop\\PM-status-update\\node_modules\\express\\lib\\router\\route.js:119:3)\n    at Layer.handle [as handle_request] (C:\\Users\\vikas\\Desktop\\PM-status-update\\node_modules\\express\\lib\\router\\layer.js:95:5)\n    at C:\\Users\\vikas\\Desktop\\PM-status-update\\node_modules\\express\\lib\\router\\index.js:284:15\n    at Function.process_params (C:\\Users\\vikas\\Desktop\\PM-status-update\\node_modules\\express\\lib\\router\\index.js:346:12)\n    at next (C:\\Users\\vikas\\Desktop\\PM-status-update\\node_modules\\express\\lib\\router\\index.js:280:10)\n    at urlencodedParser (C:\\Users\\vikas\\Desktop\\PM-status-update\\node_modules\\body-parser\\lib\\types\\urlencoded.js:85:7)","timestamp":"2025-06-13 10:02:11"}
{"level":"info","message":"Starting message rewrite - Type: I want to be too the point","timestamp":"2025-06-13 10:02:44"}
{"level":"error","message":"Failed to rewrite message - Type: I want to be too the point: Unsupported rewrite type: I want to be too the point. Supported types: professional, casual, concise, detailed, polite, direct, apologetic, confident, empathetic, urgent","stack":"Error: Unsupported rewrite type: I want to be too the point. Supported types: professional, casual, concise, detailed, polite, direct, apologetic, confident, empathetic, urgent\n    at MessageRewriteService.rewriteMessage (C:\\Users\\vikas\\Desktop\\PM-status-update\\services\\messageRewriteService.js:82:15)\n    at C:\\Users\\vikas\\Desktop\\PM-status-update\\server.js:465:58\n    at Layer.handle [as handle_request] (C:\\Users\\vikas\\Desktop\\PM-status-update\\node_modules\\express\\lib\\router\\layer.js:95:5)\n    at next (C:\\Users\\vikas\\Desktop\\PM-status-update\\node_modules\\express\\lib\\router\\route.js:149:13)\n    at Route.dispatch (C:\\Users\\vikas\\Desktop\\PM-status-update\\node_modules\\express\\lib\\router\\route.js:119:3)\n    at Layer.handle [as handle_request] (C:\\Users\\vikas\\Desktop\\PM-status-update\\node_modules\\express\\lib\\router\\layer.js:95:5)\n    at C:\\Users\\vikas\\Desktop\\PM-status-update\\node_modules\\express\\lib\\router\\index.js:284:15\n    at Function.process_params (C:\\Users\\vikas\\Desktop\\PM-status-update\\node_modules\\express\\lib\\router\\index.js:346:12)\n    at next (C:\\Users\\vikas\\Desktop\\PM-status-update\\node_modules\\express\\lib\\router\\index.js:280:10)\n    at urlencodedParser (C:\\Users\\vikas\\Desktop\\PM-status-update\\node_modules\\body-parser\\lib\\types\\urlencoded.js:85:7)","timestamp":"2025-06-13 10:02:44"}
{"level":"info","message":"Starting message rewrite - Type: Make this more polite","timestamp":"2025-06-13 10:08:53"}
{"level":"info","message":"Message rewrite completed successfully - Type: Make this more polite","timestamp":"2025-06-13 10:08:59"}
{"level":"info","message":"Starting message rewrite - Type: Make me sound smart","timestamp":"2025-06-13 10:09:09"}
{"level":"info","message":"Message rewrite completed successfully - Type: Make me sound smart","timestamp":"2025-06-13 10:09:14"}
{"level":"info","message":"Starting message rewrite - Type: I want to be too the point","timestamp":"2025-06-13 10:09:18"}
{"level":"info","message":"Message rewrite completed successfully - Type: I want to be too the point","timestamp":"2025-06-13 10:09:21"}
{"level":"info","message":"Starting message rewrite - Type: Make this more polite","timestamp":"2025-06-13 10:40:17"}
{"level":"info","message":"Message rewrite completed successfully - Type: Make this more polite","timestamp":"2025-06-13 10:40:22"}
{"level":"info","message":"Starting message rewrite - Type: I wanna stand up for myself","timestamp":"2025-06-13 10:40:41"}
{"level":"info","message":"Message rewrite completed successfully - Type: I wanna stand up for myself","timestamp":"2025-06-13 10:40:47"}
{"level":"info","message":"Starting message rewrite - Type: I want to be too the point","timestamp":"2025-06-13 10:41:07"}
{"level":"info","message":"Message rewrite completed successfully - Type: I want to be too the point","timestamp":"2025-06-13 10:41:15"}
{"level":"info","message":"Starting message rewrite - Type: Make me sound smart","timestamp":"2025-06-13 10:41:23"}
{"level":"info","message":"Message rewrite completed successfully - Type: Make me sound smart","timestamp":"2025-06-13 10:41:29"}
{"level":"info","message":"Starting message rewrite - Type: I wanna be angry at my sub-ordinate","timestamp":"2025-06-13 10:41:49"}
{"level":"info","message":"Message rewrite completed successfully - Type: I wanna be angry at my sub-ordinate","timestamp":"2025-06-13 10:41:54"}
