{"level":"info","message":"🚀 PM Assistant OAuth Server running on http://localhost:3000","timestamp":"2025-06-13T04:31:44.919Z"}
{"level":"info","message":"📊 Dashboard will be available on http://localhost:4000/dashboard","timestamp":"2025-06-13T04:31:44.920Z"}
{"level":"info","message":"🔒 OAuth flow: http://localhost:3000/auth","timestamp":"2025-06-13T04:31:44.921Z"}
{"level":"info","message":"📈 Stats: http://localhost:3000/stats","timestamp":"2025-06-13T04:31:44.921Z"}
{"level":"info","message":"🤖 Data fetcher started in background","timestamp":"2025-06-13T04:31:44.928Z"}
{"level":"info","message":"Processing message rewrite request - Type: I want to be too the point, Message length: 36","timestamp":"2025-06-13T04:32:11.963Z"}
{"level":"error","message":"Error processing message rewrite: Message rewrite failed: Unsupported rewrite type: I want to be too the point. Supported types: professional, casual, concise, detailed, polite, direct, apologetic, confident, empathetic, urgent","stack":"Error: Message rewrite failed: Unsupported rewrite type: I want to be too the point. Supported types: professional, casual, concise, detailed, polite, direct, apologetic, confident, empathetic, urgent\n    at MessageRewriteService.rewriteMessage (C:\\Users\\vikas\\Desktop\\PM-status-update\\services\\messageRewriteService.js:96:13)\n    at C:\\Users\\vikas\\Desktop\\PM-status-update\\server.js:465:58\n    at Layer.handle [as handle_request] (C:\\Users\\vikas\\Desktop\\PM-status-update\\node_modules\\express\\lib\\router\\layer.js:95:5)\n    at next (C:\\Users\\vikas\\Desktop\\PM-status-update\\node_modules\\express\\lib\\router\\route.js:149:13)\n    at Route.dispatch (C:\\Users\\vikas\\Desktop\\PM-status-update\\node_modules\\express\\lib\\router\\route.js:119:3)\n    at Layer.handle [as handle_request] (C:\\Users\\vikas\\Desktop\\PM-status-update\\node_modules\\express\\lib\\router\\layer.js:95:5)\n    at C:\\Users\\vikas\\Desktop\\PM-status-update\\node_modules\\express\\lib\\router\\index.js:284:15\n    at Function.process_params (C:\\Users\\vikas\\Desktop\\PM-status-update\\node_modules\\express\\lib\\router\\index.js:346:12)\n    at next (C:\\Users\\vikas\\Desktop\\PM-status-update\\node_modules\\express\\lib\\router\\index.js:280:10)\n    at urlencodedParser (C:\\Users\\vikas\\Desktop\\PM-status-update\\node_modules\\body-parser\\lib\\types\\urlencoded.js:85:7)","timestamp":"2025-06-13T04:32:11.965Z"}
{"level":"info","message":"Processing message rewrite request - Type: I want to be too the point, Message length: 37","timestamp":"2025-06-13T04:32:44.526Z"}
{"level":"error","message":"Error processing message rewrite: Message rewrite failed: Unsupported rewrite type: I want to be too the point. Supported types: professional, casual, concise, detailed, polite, direct, apologetic, confident, empathetic, urgent","stack":"Error: Message rewrite failed: Unsupported rewrite type: I want to be too the point. Supported types: professional, casual, concise, detailed, polite, direct, apologetic, confident, empathetic, urgent\n    at MessageRewriteService.rewriteMessage (C:\\Users\\vikas\\Desktop\\PM-status-update\\services\\messageRewriteService.js:96:13)\n    at C:\\Users\\vikas\\Desktop\\PM-status-update\\server.js:465:58\n    at Layer.handle [as handle_request] (C:\\Users\\vikas\\Desktop\\PM-status-update\\node_modules\\express\\lib\\router\\layer.js:95:5)\n    at next (C:\\Users\\vikas\\Desktop\\PM-status-update\\node_modules\\express\\lib\\router\\route.js:149:13)\n    at Route.dispatch (C:\\Users\\vikas\\Desktop\\PM-status-update\\node_modules\\express\\lib\\router\\route.js:119:3)\n    at Layer.handle [as handle_request] (C:\\Users\\vikas\\Desktop\\PM-status-update\\node_modules\\express\\lib\\router\\layer.js:95:5)\n    at C:\\Users\\vikas\\Desktop\\PM-status-update\\node_modules\\express\\lib\\router\\index.js:284:15\n    at Function.process_params (C:\\Users\\vikas\\Desktop\\PM-status-update\\node_modules\\express\\lib\\router\\index.js:346:12)\n    at next (C:\\Users\\vikas\\Desktop\\PM-status-update\\node_modules\\express\\lib\\router\\index.js:280:10)\n    at urlencodedParser (C:\\Users\\vikas\\Desktop\\PM-status-update\\node_modules\\body-parser\\lib\\types\\urlencoded.js:85:7)","timestamp":"2025-06-13T04:32:44.529Z"}
{"level":"info","message":"SIGINT received, shutting down gracefully","timestamp":"2025-06-13T04:37:51.468Z"}
{"level":"info","message":"🚀 PM Assistant OAuth Server running on http://localhost:3000","timestamp":"2025-06-13T04:38:28.136Z"}
{"level":"info","message":"📊 Dashboard will be available on http://localhost:4000/dashboard","timestamp":"2025-06-13T04:38:28.137Z"}
{"level":"info","message":"🔒 OAuth flow: http://localhost:3000/auth","timestamp":"2025-06-13T04:38:28.137Z"}
{"level":"info","message":"📈 Stats: http://localhost:3000/stats","timestamp":"2025-06-13T04:38:28.137Z"}
{"level":"info","message":"🤖 Data fetcher started in background","timestamp":"2025-06-13T04:38:28.144Z"}
{"level":"info","message":"Processing message rewrite request - Type: Make this more polite, Message length: 40","timestamp":"2025-06-13T04:38:53.200Z"}
{"level":"info","message":"Processing message rewrite request - Type: Make me sound smart, Message length: 40","timestamp":"2025-06-13T04:39:09.812Z"}
{"level":"info","message":"Processing message rewrite request - Type: I want to be too the point, Message length: 40","timestamp":"2025-06-13T04:39:18.908Z"}
{"level":"info","message":"SIGINT received, shutting down gracefully","timestamp":"2025-06-13T04:44:01.959Z"}
{"level":"info","message":"🚀 PM Assistant OAuth Server running on http://localhost:3000","timestamp":"2025-06-13T04:51:28.538Z"}
{"level":"info","message":"📊 Dashboard will be available on http://localhost:4000/dashboard","timestamp":"2025-06-13T04:51:28.539Z"}
{"level":"info","message":"🔒 OAuth flow: http://localhost:3000/auth","timestamp":"2025-06-13T04:51:28.539Z"}
{"level":"info","message":"📈 Stats: http://localhost:3000/stats","timestamp":"2025-06-13T04:51:28.539Z"}
{"level":"info","message":"🤖 Data fetcher started in background","timestamp":"2025-06-13T04:51:28.546Z"}
{"level":"info","message":"🚀 PM Assistant OAuth Server running on http://localhost:3000","timestamp":"2025-06-13T05:07:01.444Z"}
{"level":"info","message":"📊 Dashboard will be available on http://localhost:4000/dashboard","timestamp":"2025-06-13T05:07:01.447Z"}
{"level":"info","message":"🔒 OAuth flow: http://localhost:3000/auth","timestamp":"2025-06-13T05:07:01.448Z"}
{"level":"info","message":"📈 Stats: http://localhost:3000/stats","timestamp":"2025-06-13T05:07:01.449Z"}
{"level":"info","message":"🤖 Data fetcher started in background","timestamp":"2025-06-13T05:07:01.460Z"}
{"level":"info","message":"Processing message rewrite request - Type: Make this more polite, Message length: 143","timestamp":"2025-06-13T05:10:17.825Z"}
{"level":"info","message":"Processing message rewrite request - Type: I wanna stand up for myself, Message length: 143","timestamp":"2025-06-13T05:10:41.435Z"}
{"level":"info","message":"Processing message rewrite request - Type: I want to be too the point, Message length: 143","timestamp":"2025-06-13T05:11:07.631Z"}
{"level":"info","message":"Processing message rewrite request - Type: Make me sound smart, Message length: 143","timestamp":"2025-06-13T05:11:23.886Z"}
{"level":"info","message":"Processing message rewrite request - Type: I wanna be angry at my sub-ordinate, Message length: 143","timestamp":"2025-06-13T05:11:49.666Z"}
{"level":"info","message":"SIGINT received, shutting down gracefully","timestamp":"2025-06-13T05:26:29.975Z"}
